2024-12-25 14:52:47.613 INFO  (main) [   ] o.e.j.s.Server jetty-9.3.14.v20161028
2024-12-25 14:52:48.863 INFO  (main) [   ] o.a.s.s.SolrDispatchFilter  ___      _       Welcome to Apache Solr™ version 6.6.6
2024-12-25 14:52:48.863 INFO  (main) [   ] o.a.s.s.SolrDispatchFilter / __| ___| |_ _   Starting in standalone mode on port 8983
2024-12-25 14:52:48.863 INFO  (main) [   ] o.a.s.s.SolrDispatchFilter \__ \/ _ \ | '_|  Install dir: D:\version\NZIZA SHOP\shop\solr-6.6.6
2024-12-25 14:52:48.895 INFO  (main) [   ] o.a.s.s.SolrDispatchFilter |___/\___/_|_|    Start time: 2024-12-25T14:52:48.863Z
2024-12-25 14:52:48.895 INFO  (main) [   ] o.a.s.s.StartupLoggingUtils Property solr.log.muteconsole given. Muting ConsoleAppender named CONSOLE
2024-12-25 14:52:49.046 INFO  (main) [   ] o.a.s.c.SolrResourceLoader Using system property solr.solr.home: D:\version\NZIZA SHOP\shop\solr-6.6.6\server\solr
2024-12-25 14:52:49.061 INFO  (main) [   ] o.a.s.c.SolrXmlConfig Loading container configuration from D:\version\NZIZA SHOP\shop\solr-6.6.6\server\solr\solr.xml
2024-12-25 14:52:49.578 INFO  (main) [   ] o.a.s.h.c.HttpShardHandlerFactory Host whitelist initialized: WhitelistHostChecker [whitelistHosts=null, whitelistHostCheckingEnabled=true]
2024-12-25 14:52:50.244 INFO  (main) [   ] o.a.s.u.UpdateShardHandler Creating UpdateShardHandler HTTP client with params: socketTimeout=600000&connTimeout=60000&retry=true
2024-12-25 14:52:56.275 INFO  (main) [   ] o.a.s.c.CorePropertiesLocator Found 1 core definitions underneath D:\version\NZIZA SHOP\shop\solr-6.6.6\server\solr
2024-12-25 14:52:56.292 INFO  (main) [   ] o.a.s.c.CorePropertiesLocator Cores are: [NZIZASHOP]
2024-12-25 14:52:56.292 INFO  (coreLoadExecutor-6-thread-1) [   ] o.a.s.c.TransientSolrCoreCacheDefault Allocating transient cache for 2147483647 transient cores
2024-12-25 14:52:56.439 INFO  (coreLoadExecutor-6-thread-1) [   x:NZIZASHOP] o.a.s.c.SolrResourceLoader [NZIZASHOP] Added 53 libs to classloader, from paths: [/D:/version/NZIZA%20SHOP/shop/solr-6.6.6/contrib/clustering/lib, /D:/version/NZIZA%20SHOP/shop/solr-6.6.6/contrib/extraction/lib, /D:/version/NZIZA%20SHOP/shop/solr-6.6.6/contrib/langid/lib, /D:/version/NZIZA%20SHOP/shop/solr-6.6.6/contrib/velocity/lib, /D:/version/NZIZA%20SHOP/shop/solr-6.6.6/dist]
2024-12-25 14:52:57.006 INFO  (main) [   ] o.e.j.s.Server Started @13571ms
2024-12-25 14:52:57.306 INFO  (qtp1330278544-22) [   ] o.a.s.s.HttpSolrCall [admin] webapp=null path=/admin/info/system params={wt=json} status=0 QTime=98
2024-12-25 14:53:00.628 INFO  (coreLoadExecutor-6-thread-1) [   x:NZIZASHOP] o.a.s.c.SolrConfig Using Lucene MatchVersion: 6.5.0
2024-12-25 14:53:01.052 INFO  (coreLoadExecutor-6-thread-1) [   x:NZIZASHOP] o.a.s.s.IndexSchema [NZIZASHOP] Schema name=haystack-schema
2024-12-25 14:53:01.419 WARN  (coreLoadExecutor-6-thread-1) [   x:NZIZASHOP] o.a.s.c.SolrResourceLoader Solr loaded a deprecated plugin/analysis class [solr.LatLonType]. Please consult documentation how to replace it accordingly.
2024-12-25 14:53:01.818 INFO  (coreLoadExecutor-6-thread-1) [   x:NZIZASHOP] o.a.s.s.IndexSchema Loaded schema haystack-schema/1.6 with uniqueid field id
2024-12-25 14:53:02.984 INFO  (coreLoadExecutor-6-thread-1) [   x:NZIZASHOP] o.a.s.c.CoreContainer Creating SolrCore 'NZIZASHOP' using configuration from instancedir D:\version\NZIZA SHOP\shop\solr-6.6.6\server\solr\NZIZASHOP, trusted=true
2024-12-25 14:53:03.017 INFO  (coreLoadExecutor-6-thread-1) [   x:NZIZASHOP] o.a.s.c.SolrCore solr.RecoveryStrategy.Builder
2024-12-25 14:53:03.033 INFO  (coreLoadExecutor-6-thread-1) [   x:NZIZASHOP] o.a.s.c.SolrCore [[NZIZASHOP] ] Opening new SolrCore at [D:\version\NZIZA SHOP\shop\solr-6.6.6\server\solr\NZIZASHOP], dataDir=[D:\version\NZIZA SHOP\shop\solr-6.6.6\server\solr\NZIZASHOP\data\]
2024-12-25 14:53:03.134 INFO  (coreLoadExecutor-6-thread-1) [   x:NZIZASHOP] o.a.s.r.XSLTResponseWriter xsltCacheLifetimeSeconds=5
2024-12-25 14:53:09.196 INFO  (coreLoadExecutor-6-thread-1) [   x:NZIZASHOP] o.a.s.u.UpdateHandler Using UpdateLog implementation: org.apache.solr.update.UpdateLog
2024-12-25 14:53:09.196 INFO  (coreLoadExecutor-6-thread-1) [   x:NZIZASHOP] o.a.s.u.UpdateLog Initializing UpdateLog: dataDir= defaultSyncLevel=FLUSH numRecordsToKeep=100 maxNumLogsToKeep=10 numVersionBuckets=65536
2024-12-25 14:53:09.295 INFO  (coreLoadExecutor-6-thread-1) [   x:NZIZASHOP] o.a.s.u.CommitTracker Hard AutoCommit: if uncommited for 15000ms; 
2024-12-25 14:53:09.295 INFO  (coreLoadExecutor-6-thread-1) [   x:NZIZASHOP] o.a.s.u.CommitTracker Soft AutoCommit: disabled
2024-12-25 14:53:09.662 INFO  (coreLoadExecutor-6-thread-1) [   x:NZIZASHOP] o.a.s.s.SolrIndexSearcher Opening [Searcher@4dae4f62[NZIZASHOP] main]
2024-12-25 14:53:09.695 INFO  (coreLoadExecutor-6-thread-1) [   x:NZIZASHOP] o.a.s.r.ManagedResourceStorage File-based storage initialized to use dir: D:\version\NZIZA SHOP\shop\solr-6.6.6\server\solr\NZIZASHOP\conf
2024-12-25 14:53:09.745 INFO  (coreLoadExecutor-6-thread-1) [   x:NZIZASHOP] o.a.s.h.c.SpellCheckComponent Initializing spell checkers
2024-12-25 14:53:09.745 INFO  (coreLoadExecutor-6-thread-1) [   x:NZIZASHOP] o.a.s.s.DirectSolrSpellChecker init: {name=default,field=text,classname=solr.DirectSolrSpellChecker,distanceMeasure=internal,accuracy=0.5,maxEdits=2,minPrefix=1,maxInspections=5,minQueryLength=4,maxQueryFrequency=0.01}
2024-12-25 14:53:09.761 INFO  (coreLoadExecutor-6-thread-1) [   x:NZIZASHOP] o.a.s.h.c.QueryElevationComponent Loading QueryElevation from: D:\version\NZIZA SHOP\shop\solr-6.6.6\server\solr\NZIZASHOP\conf\elevate.xml
2024-12-25 14:53:09.795 INFO  (coreLoadExecutor-6-thread-1) [   x:NZIZASHOP] o.a.s.h.ReplicationHandler Commits will be reserved for  10000
2024-12-25 14:53:09.861 INFO  (searcherExecutor-7-thread-1-processing-x:NZIZASHOP) [   x:NZIZASHOP] o.a.s.c.QuerySenderListener QuerySenderListener sending requests to Searcher@4dae4f62[NZIZASHOP] main{ExitableDirectoryReader(UninvertingDirectoryReader(Uninverting(_1(6.6.6):C87)))}
2024-12-25 14:53:09.861 INFO  (searcherExecutor-7-thread-1-processing-x:NZIZASHOP) [   x:NZIZASHOP] o.a.s.c.QuerySenderListener QuerySenderListener done.
2024-12-25 14:53:09.861 INFO  (searcherExecutor-7-thread-1-processing-x:NZIZASHOP) [   x:NZIZASHOP] o.a.s.h.c.SpellCheckComponent Loading spell index for spellchecker: default
2024-12-25 14:53:09.861 INFO  (searcherExecutor-7-thread-1-processing-x:NZIZASHOP) [   x:NZIZASHOP] o.a.s.c.SolrCore [NZIZASHOP] Registered new searcher Searcher@4dae4f62[NZIZASHOP] main{ExitableDirectoryReader(UninvertingDirectoryReader(Uninverting(_1(6.6.6):C87)))}
